<?xml version="1.0" encoding="utf-8"?><testsuites name="pytest tests"><testsuite name="pytest" errors="0" failures="0" skipped="0" tests="84" time="9.218" timestamp="2026-08-16T21:33:14.722627+00:00" hostname="agent-env-9046f979-f69d-4787-8b2a-5abc858962b0"><testcase classname="tests.test_export_query_token.TestDossierAuth" name="test_dossier_query_token_ok" time="0.228" /><testcase classname="tests.test_export_query_token.TestDossierAuth" name="test_dossier_header_still_works" time="0.106" /><testcase classname="tests.test_export_query_token.TestDossierAuth" name="test_dossier_no_auth_401" time="0.027" /><testcase classname="tests.test_export_query_token.TestDossierAuth" name="test_dossier_employe_query_token_403" time="0.260" /><testcase classname="tests.test_export_query_token.TestDossierAuth" name="test_dossier_default_sections_include_traceability" time="0.148" /><testcase classname="tests.test_export_query_token.TestCsvAuth" name="test_csv_query_token_ok[temperatures]" time="0.035" /><testcase classname="tests.test_export_query_token.TestCsvAuth" name="test_csv_query_token_ok[cleaning]" time="0.031" /><testcase classname="tests.test_export_query_token.TestCsvAuth" name="test_csv_query_token_ok[receptions]" time="0.074" /><testcase classname="tests.test_export_query_token.TestCsvAuth" name="test_csv_query_token_ok[non_conformities]" time="0.033" /><testcase classname="tests.test_export_query_token.TestCsvAuth" name="test_csv_query_token_ok[losses]" time="0.029" /><testcase classname="tests.test_export_query_token.TestCsvAuth" name="test_csv_header_still_works" time="0.031" /><testcase classname="tests.test_export_query_token.TestCsvAuth" name="test_csv_no_auth_401" time="0.027" /><testcase classname="tests.test_export_query_token.TestCsvAuth" name="test_csv_bad_type_400" time="0.031" /><testcase classname="tests.test_export_query_token.TestCsvBatchAuth" name="test_csv_batch_query_token_ok" time="0.151" /><testcase classname="tests.test_export_query_token.TestCsvBatchAuth" name="test_csv_batch_header_ok" time="0.147" /><testcase classname="tests.test_export_query_token.TestCsvBatchAuth" name="test_csv_batch_no_auth_401" time="0.029" /><testcase classname="tests.test_export_query_token.TestBatchPdfAuth" name="test_batch_pdf_query_token_ok" time="0.149" /><testcase classname="tests.test_export_query_token.TestBatchPdfAuth" name="test_batch_pdf_header_ok" time="0.108" /><testcase classname="tests.test_export_query_token.TestBatchPdfAuth" name="test_batch_pdf_no_auth_401" time="0.031" /><testcase classname="tests.test_iteration3_features.TestOfflineIdempotency" name="test_receptions_idempotent" time="0.172" /><testcase classname="tests.test_iteration3_features.TestOfflineIdempotency" name="test_temperatures_idempotent" time="0.080" /><testcase classname="tests.test_iteration3_features.TestOfflineIdempotency" name="test_cleaning_idempotent" time="0.116" /><testcase classname="tests.test_iteration3_features.TestOfflineIdempotency" name="test_nc_idempotent" time="0.100" /><testcase classname="tests.test_iteration3_features.TestOfflineIdempotency" name="test_losses_idempotent" time="0.100" /><testcase classname="tests.test_iteration3_features.TestOfflineIdempotency" name="test_no_client_id_still_works" time="0.032" /><testcase classname="tests.test_iteration3_features.TestStatistics" name="test_statistics_shape" time="0.039" /><testcase classname="tests.test_iteration3_features.TestStatistics" name="test_statistics_reflects_new_data" time="0.200" /><testcase classname="tests.test_iteration3_features.TestReminders" name="test_get_config_defaults" time="0.074" /><testcase classname="tests.test_iteration3_features.TestReminders" name="test_put_config_responsable_ok" time="0.103" /><testcase classname="tests.test_iteration3_features.TestReminders" name="test_put_config_employee_403" time="0.057" /><testcase classname="tests.test_iteration3_features.TestReminders" name="test_pending_shape" time="0.049" /><testcase classname="tests.test_iteration3_features.TestReminders" name="test_dashboard_includes_pending" time="0.073" /><testcase classname="tests.test_iteration3_features.TestCsvExport" name="test_csv_export_ok[receptions]" time="0.074" /><testcase classname="tests.test_iteration3_features.TestCsvExport" name="test_csv_export_ok[temperatures]" time="0.074" /><testcase classname="tests.test_iteration3_features.TestCsvExport" name="test_csv_export_ok[cleaning]" time="0.028" /><testcase classname="tests.test_iteration3_features.TestCsvExport" name="test_csv_export_ok[non_conformities]" time="0.071" /><testcase classname="tests.test_iteration3_features.TestCsvExport" name="test_csv_export_ok[losses]" time="0.069" /><testcase classname="tests.test_iteration3_features.TestCsvExport" name="test_csv_invalid_type_400" time="0.031" /><testcase classname="tests.test_iteration3_features.TestCsvExport" name="test_csv_batch_history" time="0.140" /><testcase classname="tests.test_iteration3_features.TestCsvExport" name="test_csv_supplier_filter" time="0.091" /><testcase classname="tests.test_iteration3_features.TestCompanyIsolation" name="test_two_orgs_isolated" time="0.672" /><testcase classname="tests.test_iteration4_features.TestControlSignature" name="test_temperature_has_signature" time="0.070" /><testcase classname="tests.test_iteration4_features.TestControlSignature" name="test_cleaning_has_signature" time="0.071" /><testcase classname="tests.test_iteration4_features.TestControlSignature" name="test_signature_persists_in_list" time="0.103" /><testcase classname="tests.test_iteration4_features.TestControlSignature" name="test_offline_idempotency_preserves_signature" time="0.058" /><testcase classname="tests.test_iteration4_features.TestCorrectionAndAudit" name="test_correct_temperature_ok" time="0.170" /><testcase classname="tests.test_iteration4_features.TestCorrectionAndAudit" name="test_audit_history_returned" time="0.133" /><testcase classname="tests.test_iteration4_features.TestCorrectionAndAudit" name="test_correct_employee_forbidden" time="0.141" /><testcase classname="tests.test_iteration4_features.TestCorrectionAndAudit" name="test_invalid_ctype_400" time="0.103" /><testcase classname="tests.test_iteration4_features.TestCorrectionAndAudit" name="test_protected_fields_rejected" time="0.101" /><testcase classname="tests.test_iteration4_features.TestCorrectionAndAudit" name="test_missing_reason_422" time="0.103" /><testcase classname="tests.test_iteration4_features.TestCorrectionAndAudit" name="test_empty_reason_422" time="0.100" /><testcase classname="tests.test_iteration4_features.TestCorrectionAndAudit" name="test_correct_nonexistent_404" time="0.071" /><testcase classname="tests.test_iteration4_features.TestCorrectionAndAudit" name="test_correct_cleaning" time="0.103" /><testcase classname="tests.test_iteration4_features.TestCorrectionAndAudit" name="test_cross_org_correct_404" time="0.272" /><testcase classname="tests.test_iteration4_features.TestDossierPdf" name="test_dossier_default_ok" time="0.110" /><testcase classname="tests.test_iteration4_features.TestDossierPdf" name="test_dossier_with_date_range" time="0.108" /><testcase classname="tests.test_iteration4_features.TestDossierPdf" name="test_dossier_subset_sections" time="0.048" /><testcase classname="tests.test_iteration4_features.TestDossierPdf" name="test_dossier_employee_forbidden" time="0.027" /><testcase classname="tests.test_iteration4_features.TestDossierPdf" name="test_dossier_company_isolated" time="0.284" /><testcase classname="tests.test_tracepro_api.TestAuth" name="test_login_returns_token" time="0.108" /><testcase classname="tests.test_tracepro_api.TestAuth" name="test_login_wrong_password" time="0.109" /><testcase classname="tests.test_tracepro_api.TestAuth" name="test_me_endpoint" time="0.033" /><testcase classname="tests.test_tracepro_api.TestAuth" name="test_me_unauthenticated" time="0.027" /><testcase classname="tests.test_tracepro_api.TestAuth" name="test_register_creates_trial" time="0.111" /><testcase classname="tests.test_tracepro_api.TestAuth" name="test_register_duplicate_email" time="0.028" /><testcase classname="tests.test_tracepro_api.TestAuth" name="test_forgot_and_reset" time="0.317" /><testcase classname="tests.test_tracepro_api.TestDashboard" name="test_dashboard_shape" time="0.033" /><testcase classname="tests.test_tracepro_api.TestDashboard" name="test_subscription_status" time="0.071" /><testcase classname="tests.test_tracepro_api.TestReceptions" name="test_create_list_get_reception" time="0.256" /><testcase classname="tests.test_tracepro_api.TestReceptions" name="test_batch_not_found" time="0.028" /><testcase classname="tests.test_tracepro_api.TestOtherEntities" name="test_temperature_flow" time="0.064" /><testcase classname="tests.test_tracepro_api.TestOtherEntities" name="test_cleaning_flow" time="0.100" /><testcase classname="tests.test_tracepro_api.TestOtherEntities" name="test_non_conformity_flow" time="0.126" /><testcase classname="tests.test_tracepro_api.TestOtherEntities" name="test_losses_flow" time="0.063" /><testcase classname="tests.test_tracepro_api.TestSearchAndExport" name="test_search" time="0.100" /><testcase classname="tests.test_tracepro_api.TestSearchAndExport" name="test_archives" time="0.043" /><testcase classname="tests.test_tracepro_api.TestSearchAndExport" name="test_pdf_export" time="0.101" /><testcase classname="tests.test_tracepro_api.TestUsersAndRoles" name="test_list_users" time="0.028" /><testcase classname="tests.test_tracepro_api.TestUsersAndRoles" name="test_invite_and_role_enforcement" time="0.070" /><testcase classname="tests.test_tracepro_api.TestUsersAndRoles" name="test_employee_cannot_subscribe" time="0.032" /><testcase classname="tests.test_tracepro_api.TestUsersAndRoles" name="test_delete_user" time="0.030" /><testcase classname="tests.test_tracepro_api.TestSubscription" name="test_subscribe_then_cancel" time="0.275" /><testcase classname="tests.test_tracepro_api.TestFiles" name="test_upload_and_download" time="0.700" /></testsuite></testsuites>