<?xml version="1.0" encoding="utf-8"?><testsuites name="pytest tests"><testsuite name="pytest" errors="0" failures="0" skipped="0" tests="46" time="4.432" timestamp="2026-08-16T20:31:01.319399+00:00" hostname="agent-env-9046f979-f69d-4787-8b2a-5abc858962b0"><testcase classname="tests.test_tracepro_api.TestAuth" name="test_login_returns_token" time="0.353" /><testcase classname="tests.test_iteration3_features.TestCsvExport" name="test_csv_export_ok[receptions]" time="0.431" /><testcase classname="tests.test_tracepro_api.TestAuth" name="test_login_wrong_password" time="0.185" /><testcase classname="tests.test_iteration3_features.TestCsvExport" name="test_csv_export_ok[temperatures]" time="0.071" /><testcase classname="tests.test_iteration3_features.TestCsvExport" name="test_csv_export_ok[cleaning]" time="0.076" /><testcase classname="tests.test_iteration3_features.TestCsvExport" name="test_csv_export_ok[non_conformities]" time="0.034" /><testcase classname="tests.test_tracepro_api.TestAuth" name="test_me_endpoint" time="0.146" /><testcase classname="tests.test_iteration3_features.TestCsvExport" name="test_csv_export_ok[losses]" time="0.072" /><testcase classname="tests.test_tracepro_api.TestAuth" name="test_me_unauthenticated" time="0.071" /><testcase classname="tests.test_iteration3_features.TestCsvExport" name="test_csv_invalid_type_400" time="0.077" /><testcase classname="tests.test_tracepro_api.TestAuth" name="test_register_creates_trial" time="0.111" /><testcase classname="tests.test_iteration3_features.TestCsvExport" name="test_csv_batch_history" time="0.138" /><testcase classname="tests.test_tracepro_api.TestAuth" name="test_register_duplicate_email" time="0.073" /><testcase classname="tests.test_iteration3_features.TestCsvExport" name="test_csv_supplier_filter" time="0.139" /><testcase classname="tests.test_tracepro_api.TestAuth" name="test_forgot_and_reset" time="0.365" /><testcase classname="tests.test_iteration3_features.TestOfflineIdempotency" name="test_receptions_idempotent" time="0.143" /><testcase classname="tests.test_iteration3_features.TestOfflineIdempotency" name="test_temperatures_idempotent" time="0.080" /><testcase classname="tests.test_iteration3_features.TestOfflineIdempotency" name="test_cleaning_idempotent" time="0.147" /><testcase classname="tests.test_iteration3_features.TestReminders" name="test_get_config_defaults" time="0.035" /><testcase classname="tests.test_iteration3_features.TestReminders" name="test_put_config_responsable_ok" time="0.120" /><testcase classname="tests.test_iteration3_features.TestOfflineIdempotency" name="test_nc_idempotent" time="0.122" /><testcase classname="tests.test_iteration3_features.TestOfflineIdempotency" name="test_losses_idempotent" time="0.151" /><testcase classname="tests.test_iteration3_features.TestReminders" name="test_put_config_employee_403" time="0.258" /><testcase classname="tests.test_iteration3_features.TestOfflineIdempotency" name="test_no_client_id_still_works" time="0.031" /><testcase classname="tests.test_iteration3_features.TestReminders" name="test_pending_shape" time="0.076" /><testcase classname="tests.test_tracepro_api.TestOtherEntities" name="test_temperature_flow" time="0.067" /><testcase classname="tests.test_tracepro_api.TestOtherEntities" name="test_cleaning_flow" time="0.112" /><testcase classname="tests.test_iteration3_features.TestReminders" name="test_dashboard_includes_pending" time="0.041" /><testcase classname="tests.test_tracepro_api.TestUsersAndRoles" name="test_list_users" time="0.075" /><testcase classname="tests.test_tracepro_api.TestOtherEntities" name="test_non_conformity_flow" time="0.137" /><testcase classname="tests.test_tracepro_api.TestUsersAndRoles" name="test_invite_and_role_enforcement" time="0.030" /><testcase classname="tests.test_tracepro_api.TestUsersAndRoles" name="test_employee_cannot_subscribe" time="0.073" /><testcase classname="tests.test_tracepro_api.TestUsersAndRoles" name="test_delete_user" time="0.077" /><testcase classname="tests.test_tracepro_api.TestOtherEntities" name="test_losses_flow" time="0.071" /><testcase classname="tests.test_iteration3_features.TestStatistics" name="test_statistics_shape" time="0.037" /><testcase classname="tests.test_tracepro_api.TestSearchAndExport" name="test_search" time="0.112" /><testcase classname="tests.test_iteration3_features.TestStatistics" name="test_statistics_reflects_new_data" time="0.141" /><testcase classname="tests.test_tracepro_api.TestSearchAndExport" name="test_archives" time="0.036" /><testcase classname="tests.test_tracepro_api.TestSearchAndExport" name="test_pdf_export" time="0.076" /><testcase classname="tests.test_tracepro_api.TestDashboard" name="test_dashboard_shape" time="0.078" /><testcase classname="tests.test_tracepro_api.TestReceptions" name="test_create_list_get_reception" time="0.163" /><testcase classname="tests.test_tracepro_api.TestDashboard" name="test_subscription_status" time="0.075" /><testcase classname="tests.test_iteration3_features.TestCompanyIsolation" name="test_two_orgs_isolated" time="0.646" /><testcase classname="tests.test_tracepro_api.TestReceptions" name="test_batch_not_found" time="0.031" /><testcase classname="tests.test_tracepro_api.TestSubscription" name="test_subscribe_then_cancel" time="0.362" /><testcase classname="tests.test_tracepro_api.TestFiles" name="test_upload_and_download" time="0.981" /></testsuite></testsuites>